{"/Users/deight/cantinc/rune-hub-utils/src/hooks/persistent/index.ts": {"path":"/Users/deight/cantinc/rune-hub-utils/src/hooks/persistent/index.ts","statementMap":{"0":{"start":{"line":1,"column":0},"end":{"line":1,"column":28}}},"fnMap":{},"branchMap":{},"s":{"0":3},"f":{},"b":{}}
,"/Users/deight/cantinc/rune-hub-utils/src/hooks/persistent/persistent.ts": {"path":"/Users/deight/cantinc/rune-hub-utils/src/hooks/persistent/persistent.ts","statementMap":{"0":{"start":{"line":81,"column":0},"end":{"line":81,"column":16}},"1":{"start":{"line":1,"column":0},"end":{"line":1,"column":47}},"2":{"start":{"line":4,"column":0},"end":{"line":4,"column":50}},"3":{"start":{"line":15,"column":13},"end":{"line":15,"column":31}},"4":{"start":{"line":15,"column":30},"end":{"line":15,"column":31}},"5":{"start":{"line":82,"column":14},"end":{"line":82,"column":47}},"6":{"start":{"line":83,"column":2},"end":{"line":83,"column":null}},"7":{"start":{"line":83,"column":12},"end":{"line":83,"column":null}},"8":{"start":{"line":85,"column":18},"end":{"line":85,"column":40}},"9":{"start":{"line":87,"column":21},"end":{"line":89,"column":3}},"10":{"start":{"line":88,"column":4},"end":{"line":88,"column":null}},"11":{"start":{"line":91,"column":25},"end":{"line":91,"column":67}},"12":{"start":{"line":93,"column":15},"end":{"line":93,"column":35}},"13":{"start":{"line":95,"column":2},"end":{"line":114,"column":3}},"14":{"start":{"line":96,"column":20},"end":{"line":96,"column":42}},"15":{"start":{"line":98,"column":4},"end":{"line":101,"column":null}},"16":{"start":{"line":99,"column":6},"end":{"line":99,"column":null}},"17":{"start":{"line":100,"column":6},"end":{"line":100,"column":null}},"18":{"start":{"line":103,"column":4},"end":{"line":113,"column":null}},"19":{"start":{"line":104,"column":6},"end":{"line":112,"column":7}},"20":{"start":{"line":105,"column":22},"end":{"line":105,"column":40}},"21":{"start":{"line":107,"column":8},"end":{"line":111,"column":9}},"22":{"start":{"line":108,"column":10},"end":{"line":108,"column":null}},"23":{"start":{"line":109,"column":10},"end":{"line":109,"column":null}},"24":{"start":{"line":110,"column":10},"end":{"line":110,"column":null}},"25":{"start":{"line":116,"column":2},"end":{"line":116,"column":null}}},"fnMap":{"0":{"name":"(anonymous_0)","decl":{"start":{"line":15,"column":13},"end":{"line":15,"column":18}},"loc":{"start":{"line":15,"column":30},"end":{"line":15,"column":31}}},"1":{"name":"persistent","decl":{"start":{"line":81,"column":16},"end":{"line":81,"column":26}},"loc":{"start":{"line":81,"column":101},"end":{"line":117,"column":1}}},"2":{"name":"(anonymous_2)","decl":{"start":{"line":87,"column":21},"end":{"line":87,"column":22}},"loc":{"start":{"line":87,"column":53},"end":{"line":89,"column":3}}},"3":{"name":"(anonymous_3)","decl":{"start":{"line":98,"column":21},"end":{"line":98,"column":24}},"loc":{"start":{"line":98,"column":26},"end":{"line":101,"column":5}}},"4":{"name":"(anonymous_4)","decl":{"start":{"line":103,"column":18},"end":{"line":103,"column":21}},"loc":{"start":{"line":103,"column":23},"end":{"line":113,"column":5}}}},"branchMap":{"0":{"loc":{"start":{"line":81,"column":41},"end":{"line":81,"column":60}},"type":"default-arg","locations":[{"start":{"line":81,"column":56},"end":{"line":81,"column":60}}]},"1":{"loc":{"start":{"line":82,"column":15},"end":{"line":82,"column":34}},"type":"cond-expr","locations":[{"start":{"line":82,"column":22},"end":{"line":82,"column":26}},{"start":{"line":82,"column":26},"end":{"line":82,"column":34}}]},"2":{"loc":{"start":{"line":82,"column":15},"end":{"line":82,"column":26}},"type":"binary-expr","locations":[{"start":{"line":82,"column":15},"end":{"line":82,"column":26}},{"start":{"line":82,"column":22},"end":{"line":82,"column":26}}]},"3":{"loc":{"start":{"line":83,"column":2},"end":{"line":83,"column":null}},"type":"if","locations":[{"start":{"line":83,"column":2},"end":{"line":83,"column":null}},{"start":{},"end":{}}]},"4":{"loc":{"start":{"line":85,"column":18},"end":{"line":85,"column":40}},"type":"cond-expr","locations":[{"start":{"line":85,"column":32},"end":{"line":85,"column":36}},{"start":{"line":85,"column":36},"end":{"line":85,"column":40}}]},"5":{"loc":{"start":{"line":85,"column":18},"end":{"line":85,"column":36}},"type":"binary-expr","locations":[{"start":{"line":85,"column":18},"end":{"line":85,"column":36}},{"start":{"line":85,"column":32},"end":{"line":85,"column":36}}]},"6":{"loc":{"start":{"line":85,"column":18},"end":{"line":85,"column":32}},"type":"cond-expr","locations":[{"start":{"line":85,"column":24},"end":{"line":85,"column":26}},{"start":{"line":85,"column":18},"end":{"line":85,"column":32}}]},"7":{"loc":{"start":{"line":85,"column":18},"end":{"line":85,"column":26}},"type":"binary-expr","locations":[{"start":{"line":85,"column":18},"end":{"line":85,"column":26}},{"start":{"line":85,"column":18},"end":{"line":85,"column":26}}]},"8":{"loc":{"start":{"line":87,"column":22},"end":{"line":87,"column":49}},"type":"default-arg","locations":[{"start":{"line":87,"column":45},"end":{"line":87,"column":49}}]},"9":{"loc":{"start":{"line":88,"column":11},"end":{"line":88,"column":51}},"type":"cond-expr","locations":[{"start":{"line":88,"column":28},"end":{"line":88,"column":35}},{"start":{"line":88,"column":38},"end":{"line":88,"column":51}}]},"10":{"loc":{"start":{"line":91,"column":50},"end":{"line":91,"column":65}},"type":"cond-expr","locations":[{"start":{"line":91,"column":56},"end":{"line":91,"column":58}},{"start":{"line":91,"column":50},"end":{"line":91,"column":65}}]},"11":{"loc":{"start":{"line":91,"column":50},"end":{"line":91,"column":58}},"type":"binary-expr","locations":[{"start":{"line":91,"column":50},"end":{"line":91,"column":58}},{"start":{"line":91,"column":50},"end":{"line":91,"column":58}}]},"12":{"loc":{"start":{"line":95,"column":2},"end":{"line":114,"column":3}},"type":"if","locations":[{"start":{"line":95,"column":2},"end":{"line":114,"column":3}},{"start":{},"end":{}}]},"13":{"loc":{"start":{"line":96,"column":20},"end":{"line":96,"column":42}},"type":"cond-expr","locations":[{"start":{"line":96,"column":34},"end":{"line":96,"column":38}},{"start":{"line":96,"column":38},"end":{"line":96,"column":42}}]},"14":{"loc":{"start":{"line":96,"column":20},"end":{"line":96,"column":38}},"type":"binary-expr","locations":[{"start":{"line":96,"column":20},"end":{"line":96,"column":38}},{"start":{"line":96,"column":34},"end":{"line":96,"column":38}}]},"15":{"loc":{"start":{"line":96,"column":20},"end":{"line":96,"column":34}},"type":"cond-expr","locations":[{"start":{"line":96,"column":26},"end":{"line":96,"column":28}},{"start":{"line":96,"column":20},"end":{"line":96,"column":34}}]},"16":{"loc":{"start":{"line":96,"column":20},"end":{"line":96,"column":28}},"type":"binary-expr","locations":[{"start":{"line":96,"column":20},"end":{"line":96,"column":28}},{"start":{"line":96,"column":20},"end":{"line":96,"column":28}}]},"17":{"loc":{"start":{"line":104,"column":6},"end":{"line":112,"column":7}},"type":"if","locations":[{"start":{"line":104,"column":6},"end":{"line":112,"column":7}},{"start":{},"end":{}}]},"18":{"loc":{"start":{"line":107,"column":8},"end":{"line":111,"column":9}},"type":"if","locations":[{"start":{"line":107,"column":8},"end":{"line":111,"column":9}},{"start":{},"end":{}}]}},"s":{"0":4,"1":4,"2":4,"3":4,"4":87,"5":136,"6":136,"7":1,"8":135,"9":135,"10":136,"11":135,"12":135,"13":135,"14":44,"15":44,"16":83,"17":83,"18":44,"19":71,"20":52,"21":52,"22":1,"23":1,"24":1,"25":135},"f":{"0":87,"1":136,"2":136,"3":83,"4":71},"b":{"0":[34],"1":[135,1],"2":[136,136],"3":[1,135],"4":[75,60],"5":[135,135],"6":[59,76],"7":[135,135],"8":[37],"9":[43,93],"10":[59,76],"11":[135,135],"12":[44,91],"13":[26,18],"14":[44,44],"15":[17,27],"16":[44,44],"17":[52,19],"18":[1,51]}}
,"/Users/deight/cantinc/rune-hub-utils/src/hooks/persistentBool/persistentBool.ts": {"path":"/Users/deight/cantinc/rune-hub-utils/src/hooks/persistentBool/persistentBool.ts","statementMap":{"0":{"start":{"line":69,"column":0},"end":{"line":69,"column":16}},"1":{"start":{"line":2,"column":0},"end":{"line":2,"column":42}},"2":{"start":{"line":70,"column":19},"end":{"line":70,"column":38}},"3":{"start":{"line":71,"column":19},"end":{"line":71,"column":39}},"4":{"start":{"line":73,"column":2},"end":{"line":77,"column":null}},"5":{"start":{"line":75,"column":17},"end":{"line":75,"column":31}},"6":{"start":{"line":76,"column":17},"end":{"line":76,"column":60}}},"fnMap":{"0":{"name":"persistentBool","decl":{"start":{"line":69,"column":16},"end":{"line":69,"column":30}},"loc":{"start":{"line":69,"column":133},"end":{"line":78,"column":1}}},"1":{"name":"(anonymous_1)","decl":{"start":{"line":75,"column":12},"end":{"line":75,"column":13}},"loc":{"start":{"line":75,"column":17},"end":{"line":75,"column":31}}},"2":{"name":"(anonymous_2)","decl":{"start":{"line":76,"column":12},"end":{"line":76,"column":13}},"loc":{"start":{"line":76,"column":17},"end":{"line":76,"column":60}}}},"branchMap":{"0":{"loc":{"start":{"line":70,"column":19},"end":{"line":70,"column":38}},"type":"cond-expr","locations":[{"start":{"line":70,"column":31},"end":{"line":70,"column":35}},{"start":{"line":70,"column":35},"end":{"line":70,"column":38}}]},"1":{"loc":{"start":{"line":70,"column":19},"end":{"line":70,"column":35}},"type":"binary-expr","locations":[{"start":{"line":70,"column":19},"end":{"line":70,"column":35}},{"start":{"line":70,"column":31},"end":{"line":70,"column":35}}]},"2":{"loc":{"start":{"line":70,"column":19},"end":{"line":70,"column":31}},"type":"cond-expr","locations":[{"start":{"line":70,"column":25},"end":{"line":70,"column":27}},{"start":{"line":70,"column":19},"end":{"line":70,"column":31}}]},"3":{"loc":{"start":{"line":70,"column":19},"end":{"line":70,"column":27}},"type":"binary-expr","locations":[{"start":{"line":70,"column":19},"end":{"line":70,"column":27}},{"start":{"line":70,"column":19},"end":{"line":70,"column":27}}]},"4":{"loc":{"start":{"line":71,"column":19},"end":{"line":71,"column":39}},"type":"cond-expr","locations":[{"start":{"line":71,"column":32},"end":{"line":71,"column":36}},{"start":{"line":71,"column":36},"end":{"line":71,"column":39}}]},"5":{"loc":{"start":{"line":71,"column":19},"end":{"line":71,"column":36}},"type":"binary-expr","locations":[{"start":{"line":71,"column":19},"end":{"line":71,"column":36}},{"start":{"line":71,"column":32},"end":{"line":71,"column":36}}]},"6":{"loc":{"start":{"line":71,"column":19},"end":{"line":71,"column":32}},"type":"cond-expr","locations":[{"start":{"line":71,"column":25},"end":{"line":71,"column":27}},{"start":{"line":71,"column":19},"end":{"line":71,"column":32}}]},"7":{"loc":{"start":{"line":71,"column":19},"end":{"line":71,"column":27}},"type":"binary-expr","locations":[{"start":{"line":71,"column":19},"end":{"line":71,"column":27}},{"start":{"line":71,"column":19},"end":{"line":71,"column":27}}]},"8":{"loc":{"start":{"line":76,"column":17},"end":{"line":76,"column":60}},"type":"cond-expr","locations":[{"start":{"line":76,"column":30},"end":{"line":76,"column":34}},{"start":{"line":76,"column":37},"end":{"line":76,"column":60}}]},"9":{"loc":{"start":{"line":76,"column":37},"end":{"line":76,"column":60}},"type":"cond-expr","locations":[{"start":{"line":76,"column":41},"end":{"line":76,"column":49}},{"start":{"line":76,"column":52},"end":{"line":76,"column":60}}]}},"s":{"0":1,"1":1,"2":26,"3":26,"4":26,"5":16,"6":14},"f":{"0":26,"1":16,"2":14},"b":{"0":[4,22],"1":[26,26],"2":[18,8],"3":[26,26],"4":[4,22],"5":[26,26],"6":[18,8],"7":[26,26],"8":[2,12],"9":[4,8]}}
,"/Users/deight/cantinc/rune-hub-utils/src/hooks/persistentJSON/persistentJSON.ts": {"path":"/Users/deight/cantinc/rune-hub-utils/src/hooks/persistentJSON/persistentJSON.ts","statementMap":{"0":{"start":{"line":53,"column":0},"end":{"line":53,"column":16}},"1":{"start":{"line":2,"column":0},"end":{"line":2,"column":42}},"2":{"start":{"line":54,"column":2},"end":{"line":58,"column":null}},"3":{"start":{"line":56,"column":17},"end":{"line":56,"column":30}},"4":{"start":{"line":57,"column":17},"end":{"line":57,"column":34}}},"fnMap":{"0":{"name":"persistentJSON","decl":{"start":{"line":53,"column":16},"end":{"line":53,"column":30}},"loc":{"start":{"line":53,"column":103},"end":{"line":59,"column":1}}},"1":{"name":"(anonymous_1)","decl":{"start":{"line":56,"column":12},"end":{"line":56,"column":13}},"loc":{"start":{"line":56,"column":17},"end":{"line":56,"column":30}}},"2":{"name":"(anonymous_2)","decl":{"start":{"line":57,"column":12},"end":{"line":57,"column":13}},"loc":{"start":{"line":57,"column":17},"end":{"line":57,"column":34}}}},"branchMap":{},"s":{"0":1,"1":1,"2":22,"3":15,"4":13},"f":{"0":22,"1":15,"2":13},"b":{}}
,"/Users/deight/cantinc/rune-hub-utils/src/hooks/persistentNum/persistentNum.ts": {"path":"/Users/deight/cantinc/rune-hub-utils/src/hooks/persistentNum/persistentNum.ts","statementMap":{"0":{"start":{"line":60,"column":0},"end":{"line":60,"column":16}},"1":{"start":{"line":2,"column":0},"end":{"line":2,"column":42}},"2":{"start":{"line":61,"column":2},"end":{"line":65,"column":null}},"3":{"start":{"line":64,"column":17},"end":{"line":64,"column":46}}},"fnMap":{"0":{"name":"persistentNum","decl":{"start":{"line":60,"column":16},"end":{"line":60,"column":29}},"loc":{"start":{"line":60,"column":129},"end":{"line":66,"column":1}}},"1":{"name":"(anonymous_1)","decl":{"start":{"line":64,"column":12},"end":{"line":64,"column":13}},"loc":{"start":{"line":64,"column":17},"end":{"line":64,"column":46}}}},"branchMap":{"0":{"loc":{"start":{"line":64,"column":17},"end":{"line":64,"column":46}},"type":"cond-expr","locations":[{"start":{"line":64,"column":30},"end":{"line":64,"column":34}},{"start":{"line":64,"column":37},"end":{"line":64,"column":46}}]}},"s":{"0":1,"1":1,"2":22,"3":12},"f":{"0":22,"1":12},"b":{"0":[2,10]}}
,"/Users/deight/cantinc/rune-hub-utils/src/hooks/persistentRune/index.ts": {"path":"/Users/deight/cantinc/rune-hub-utils/src/hooks/persistentRune/index.ts","statementMap":{"0":{"start":{"line":1,"column":0},"end":{"line":1,"column":32}}},"fnMap":{},"branchMap":{},"s":{"0":4},"f":{},"b":{}}
,"/Users/deight/cantinc/rune-hub-utils/src/hooks/persistentRune/persistentRune.ts": {"path":"/Users/deight/cantinc/rune-hub-utils/src/hooks/persistentRune/persistentRune.ts","statementMap":{"0":{"start":{"line":8,"column":0},"end":{"line":8,"column":16}},"1":{"start":{"line":2,"column":0},"end":{"line":2,"column":30}},"2":{"start":{"line":6,"column":13},"end":{"line":6,"column":null}},"3":{"start":{"line":12,"column":12},"end":{"line":12,"column":45}},"4":{"start":{"line":14,"column":2},"end":{"line":16,"column":3}},"5":{"start":{"line":15,"column":4},"end":{"line":15,"column":null}},"6":{"start":{"line":18,"column":2},"end":{"line":72,"column":3}},"7":{"start":{"line":19,"column":4},"end":{"line":71,"column":null}},"8":{"start":{"line":20,"column":18},"end":{"line":20,"column":66}},"9":{"start":{"line":21,"column":6},"end":{"line":21,"column":null}},"10":{"start":{"line":21,"column":16},"end":{"line":21,"column":null}},"11":{"start":{"line":23,"column":6},"end":{"line":68,"column":7}},"12":{"start":{"line":24,"column":8},"end":{"line":32,"column":null}},"13":{"start":{"line":25,"column":24},"end":{"line":25,"column":31}},"14":{"start":{"line":27,"column":10},"end":{"line":31,"column":11}},"15":{"start":{"line":28,"column":12},"end":{"line":28,"column":null}},"16":{"start":{"line":30,"column":12},"end":{"line":30,"column":null}},"17":{"start":{"line":34,"column":8},"end":{"line":43,"column":null}},"18":{"start":{"line":35,"column":10},"end":{"line":42,"column":11}},"19":{"start":{"line":36,"column":24},"end":{"line":36,"column":36}},"20":{"start":{"line":38,"column":12},"end":{"line":41,"column":13}},"21":{"start":{"line":39,"column":14},"end":{"line":39,"column":null}},"22":{"start":{"line":40,"column":14},"end":{"line":40,"column":null}},"23":{"start":{"line":45,"column":8},"end":{"line":67,"column":9}},"24":{"start":{"line":46,"column":27},"end":{"line":49,"column":11}},"25":{"start":{"line":47,"column":12},"end":{"line":47,"column":66}},"26":{"start":{"line":47,"column":60},"end":{"line":47,"column":66}},"27":{"start":{"line":48,"column":12},"end":{"line":48,"column":null}},"28":{"start":{"line":51,"column":26},"end":{"line":53,"column":11}},"29":{"start":{"line":52,"column":12},"end":{"line":52,"column":null}},"30":{"start":{"line":55,"column":10},"end":{"line":58,"column":null}},"31":{"start":{"line":56,"column":12},"end":{"line":56,"column":null}},"32":{"start":{"line":57,"column":12},"end":{"line":57,"column":null}},"33":{"start":{"line":60,"column":24},"end":{"line":63,"column":11}},"34":{"start":{"line":61,"column":12},"end":{"line":61,"column":null}},"35":{"start":{"line":62,"column":12},"end":{"line":62,"column":null}},"36":{"start":{"line":65,"column":10},"end":{"line":65,"column":null}},"37":{"start":{"line":66,"column":10},"end":{"line":66,"column":null}},"38":{"start":{"line":70,"column":6},"end":{"line":70,"column":null}},"39":{"start":{"line":74,"column":2},"end":{"line":74,"column":null}}},"fnMap":{"0":{"name":"persistentRune","decl":{"start":{"line":8,"column":16},"end":{"line":8,"column":30}},"loc":{"start":{"line":10,"column":86},"end":{"line":75,"column":1}}},"1":{"name":"(anonymous_1)","decl":{"start":{"line":19,"column":15},"end":{"line":19,"column":18}},"loc":{"start":{"line":19,"column":20},"end":{"line":71,"column":5}}},"2":{"name":"(anonymous_2)","decl":{"start":{"line":24,"column":25},"end":{"line":24,"column":28}},"loc":{"start":{"line":24,"column":30},"end":{"line":32,"column":9}}},"3":{"name":"(anonymous_3)","decl":{"start":{"line":34,"column":22},"end":{"line":34,"column":25}},"loc":{"start":{"line":34,"column":27},"end":{"line":43,"column":9}}},"4":{"name":"(anonymous_4)","decl":{"start":{"line":46,"column":27},"end":{"line":46,"column":28}},"loc":{"start":{"line":46,"column":47},"end":{"line":49,"column":11}}},"5":{"name":"(anonymous_5)","decl":{"start":{"line":51,"column":26},"end":{"line":51,"column":29}},"loc":{"start":{"line":51,"column":31},"end":{"line":53,"column":11}}},"6":{"name":"(anonymous_6)","decl":{"start":{"line":55,"column":23},"end":{"line":55,"column":26}},"loc":{"start":{"line":55,"column":28},"end":{"line":58,"column":11}}},"7":{"name":"(anonymous_7)","decl":{"start":{"line":60,"column":24},"end":{"line":60,"column":27}},"loc":{"start":{"line":60,"column":29},"end":{"line":63,"column":11}}}},"branchMap":{"0":{"loc":{"start":{"line":10,"column":2},"end":{"line":10,"column":86}},"type":"default-arg","locations":[{"start":{"line":10,"column":31},"end":{"line":10,"column":86}}]},"1":{"loc":{"start":{"line":10,"column":31},"end":{"line":10,"column":86}},"type":"cond-expr","locations":[{"start":{"line":10,"column":69},"end":{"line":10,"column":81}},{"start":{"line":10,"column":84},"end":{"line":10,"column":86}}]},"2":{"loc":{"start":{"line":14,"column":2},"end":{"line":16,"column":3}},"type":"if","locations":[{"start":{"line":14,"column":2},"end":{"line":16,"column":3}},{"start":{},"end":{}}]},"3":{"loc":{"start":{"line":18,"column":2},"end":{"line":72,"column":3}},"type":"if","locations":[{"start":{"line":18,"column":2},"end":{"line":72,"column":3}},{"start":{},"end":{}}]},"4":{"loc":{"start":{"line":20,"column":19},"end":{"line":20,"column":38}},"type":"cond-expr","locations":[{"start":{"line":20,"column":26},"end":{"line":20,"column":30}},{"start":{"line":20,"column":30},"end":{"line":20,"column":38}}]},"5":{"loc":{"start":{"line":20,"column":19},"end":{"line":20,"column":30}},"type":"binary-expr","locations":[{"start":{"line":20,"column":19},"end":{"line":20,"column":30}},{"start":{"line":20,"column":26},"end":{"line":20,"column":30}}]},"6":{"loc":{"start":{"line":21,"column":6},"end":{"line":21,"column":null}},"type":"if","locations":[{"start":{"line":21,"column":6},"end":{"line":21,"column":null}},{"start":{},"end":{}}]},"7":{"loc":{"start":{"line":23,"column":6},"end":{"line":68,"column":7}},"type":"if","locations":[{"start":{"line":23,"column":6},"end":{"line":68,"column":7}},{"start":{},"end":{}}]},"8":{"loc":{"start":{"line":27,"column":10},"end":{"line":31,"column":11}},"type":"if","locations":[{"start":{"line":27,"column":10},"end":{"line":31,"column":11}},{"start":{"line":29,"column":17},"end":{"line":31,"column":11}}]},"9":{"loc":{"start":{"line":35,"column":10},"end":{"line":42,"column":11}},"type":"if","locations":[{"start":{"line":35,"column":10},"end":{"line":42,"column":11}},{"start":{},"end":{}}]},"10":{"loc":{"start":{"line":38,"column":12},"end":{"line":41,"column":13}},"type":"if","locations":[{"start":{"line":38,"column":12},"end":{"line":41,"column":13}},{"start":{},"end":{}}]},"11":{"loc":{"start":{"line":45,"column":8},"end":{"line":67,"column":9}},"type":"if","locations":[{"start":{"line":45,"column":8},"end":{"line":67,"column":9}},{"start":{},"end":{}}]},"12":{"loc":{"start":{"line":47,"column":12},"end":{"line":47,"column":66}},"type":"if","locations":[{"start":{"line":47,"column":12},"end":{"line":47,"column":66}},{"start":{},"end":{}}]},"13":{"loc":{"start":{"line":47,"column":16},"end":{"line":47,"column":58}},"type":"binary-expr","locations":[{"start":{"line":47,"column":16},"end":{"line":47,"column":29}},{"start":{"line":47,"column":33},"end":{"line":47,"column":58}}]}},"s":{"0":4,"1":4,"2":4,"3":135,"4":135,"5":8,"6":135,"7":8,"8":42,"9":42,"10":0,"11":42,"12":42,"13":86,"14":86,"15":6,"16":80,"17":42,"18":314,"19":1,"20":1,"21":1,"22":1,"23":42,"24":42,"25":51,"26":4,"27":47,"28":42,"29":39,"30":42,"31":42,"32":42,"33":42,"34":1,"35":1,"36":42,"37":42,"38":42,"39":135},"f":{"0":135,"1":42,"2":86,"3":314,"4":51,"5":39,"6":42,"7":1},"b":{"0":[122],"1":[122,0],"2":[8,127],"3":[8,127],"4":[42,0],"5":[42,42],"6":[0,42],"7":[42,0],"8":[6,80],"9":[1,313],"10":[1,0],"11":[42,0],"12":[4,47],"13":[51,51]}}
}
