TN:
SF:src/hooks/persistent/index.ts
FNF:0
FNH:0
DA:1,3
LF:1
LH:1
BRF:0
BRH:0
end_of_record
TN:
SF:src/hooks/persistent/persistent.ts
FN:15,(anonymous_0)
FN:81,persistent
FN:87,(anonymous_2)
FN:98,(anonymous_3)
FN:103,(anonymous_4)
FNF:5
FNH:5
FNDA:87,(anonymous_0)
FNDA:136,persistent
FNDA:136,(anonymous_2)
FNDA:83,(anonymous_3)
FNDA:71,(anonymous_4)
DA:1,4
DA:4,4
DA:15,87
DA:81,4
DA:82,136
DA:83,136
DA:85,135
DA:87,135
DA:88,136
DA:91,135
DA:93,135
DA:95,135
DA:96,44
DA:98,44
DA:99,83
DA:100,83
DA:103,44
DA:104,71
DA:105,52
DA:107,52
DA:108,1
DA:109,1
DA:110,1
DA:116,135
LF:24
LH:24
BRDA:81,0,0,34
BRDA:82,1,0,135
BRDA:82,1,1,1
BRDA:82,2,0,136
BRDA:82,2,1,136
BRDA:83,3,0,1
BRDA:83,3,1,135
BRDA:85,4,0,75
BRDA:85,4,1,60
BRDA:85,5,0,135
BRDA:85,5,1,135
BRDA:85,6,0,59
BRDA:85,6,1,76
BRDA:85,7,0,135
BRDA:85,7,1,135
BRDA:87,8,0,37
BRDA:88,9,0,43
BRDA:88,9,1,93
BRDA:91,10,0,59
BRDA:91,10,1,76
BRDA:91,11,0,135
BRDA:91,11,1,135
BRDA:95,12,0,44
BRDA:95,12,1,91
BRDA:96,13,0,26
BRDA:96,13,1,18
BRDA:96,14,0,44
BRDA:96,14,1,44
BRDA:96,15,0,17
BRDA:96,15,1,27
BRDA:96,16,0,44
BRDA:96,16,1,44
BRDA:104,17,0,52
BRDA:104,17,1,19
BRDA:107,18,0,1
BRDA:107,18,1,51
BRF:36
BRH:36
end_of_record
TN:
SF:src/hooks/persistentBool/persistentBool.ts
FN:69,persistentBool
FN:75,(anonymous_1)
FN:76,(anonymous_2)
FNF:3
FNH:3
FNDA:26,persistentBool
FNDA:16,(anonymous_1)
FNDA:14,(anonymous_2)
DA:2,1
DA:69,1
DA:70,26
DA:71,26
DA:73,26
DA:75,16
DA:76,14
LF:7
LH:7
BRDA:70,0,0,4
BRDA:70,0,1,22
BRDA:70,1,0,26
BRDA:70,1,1,26
BRDA:70,2,0,18
BRDA:70,2,1,8
BRDA:70,3,0,26
BRDA:70,3,1,26
BRDA:71,4,0,4
BRDA:71,4,1,22
BRDA:71,5,0,26
BRDA:71,5,1,26
BRDA:71,6,0,18
BRDA:71,6,1,8
BRDA:71,7,0,26
BRDA:71,7,1,26
BRDA:76,8,0,2
BRDA:76,8,1,12
BRDA:76,9,0,4
BRDA:76,9,1,8
BRF:20
BRH:20
end_of_record
TN:
SF:src/hooks/persistentJSON/persistentJSON.ts
FN:53,persistentJSON
FN:56,(anonymous_1)
FN:57,(anonymous_2)
FNF:3
FNH:3
FNDA:22,persistentJSON
FNDA:15,(anonymous_1)
FNDA:13,(anonymous_2)
DA:2,1
DA:53,1
DA:54,22
DA:56,15
DA:57,13
LF:5
LH:5
BRF:0
BRH:0
end_of_record
TN:
SF:src/hooks/persistentNum/persistentNum.ts
FN:60,persistentNum
FN:64,(anonymous_1)
FNF:2
FNH:2
FNDA:22,persistentNum
FNDA:12,(anonymous_1)
DA:2,1
DA:60,1
DA:61,22
DA:64,12
LF:4
LH:4
BRDA:64,0,0,2
BRDA:64,0,1,10
BRF:2
BRH:2
end_of_record
TN:
SF:src/hooks/persistentRune/index.ts
FNF:0
FNH:0
DA:1,4
LF:1
LH:1
BRF:0
BRH:0
end_of_record
TN:
SF:src/hooks/persistentRune/persistentRune.ts
FN:8,persistentRune
FN:19,(anonymous_1)
FN:24,(anonymous_2)
FN:34,(anonymous_3)
FN:46,(anonymous_4)
FN:51,(anonymous_5)
FN:55,(anonymous_6)
FN:60,(anonymous_7)
FNF:8
FNH:8
FNDA:135,persistentRune
FNDA:42,(anonymous_1)
FNDA:86,(anonymous_2)
FNDA:314,(anonymous_3)
FNDA:51,(anonymous_4)
FNDA:39,(anonymous_5)
FNDA:42,(anonymous_6)
FNDA:1,(anonymous_7)
DA:2,4
DA:6,4
DA:8,4
DA:12,135
DA:14,135
DA:15,8
DA:18,135
DA:19,8
DA:20,42
DA:21,42
DA:23,42
DA:24,42
DA:25,86
DA:27,86
DA:28,6
DA:30,80
DA:34,42
DA:35,314
DA:36,1
DA:38,1
DA:39,1
DA:40,1
DA:45,42
DA:46,42
DA:47,51
DA:48,47
DA:51,42
DA:52,39
DA:55,42
DA:56,42
DA:57,42
DA:60,42
DA:61,1
DA:62,1
DA:65,42
DA:66,42
DA:70,42
DA:74,135
LF:38
LH:38
BRDA:10,0,0,122
BRDA:10,1,0,122
BRDA:10,1,1,0
BRDA:14,2,0,8
BRDA:14,2,1,127
BRDA:18,3,0,8
BRDA:18,3,1,127
BRDA:20,4,0,42
BRDA:20,4,1,0
BRDA:20,5,0,42
BRDA:20,5,1,42
BRDA:21,6,0,0
BRDA:21,6,1,42
BRDA:23,7,0,42
BRDA:23,7,1,0
BRDA:27,8,0,6
BRDA:27,8,1,80
BRDA:35,9,0,1
BRDA:35,9,1,313
BRDA:38,10,0,1
BRDA:38,10,1,0
BRDA:45,11,0,42
BRDA:45,11,1,0
BRDA:47,12,0,4
BRDA:47,12,1,47
BRDA:47,13,0,51
BRDA:47,13,1,51
BRF:27
BRH:21
end_of_record
